0 info it worked if it ends with ok
1 verbose cli [ '/Users/sxr163/.nvm/versions/node/v6.17.1/bin/node',
1 verbose cli   '/Users/sxr163/.nvm/versions/node/v6.17.1/bin/npm',
1 verbose cli   'login' ]
2 info using npm@3.10.10
3 info using node@v6.17.1
4 verbose adduser before first PUT { _id: 'org.couchdb.user:srouse',
4 verbose adduser   name: 'srouse',
4 verbose adduser   password: 'XXXXX',
4 verbose adduser   email: 'scott.rouse@gmail.com',
4 verbose adduser   type: 'user',
4 verbose adduser   roles: [],
4 verbose adduser   date: '2020-01-13T21:28:09.360Z' }
5 verbose request uri https://artifactory.amfam.com/artifactory/api/npm/npm-local/-/user/org.couchdb.user:srouse
6 verbose request new user, so can't send auth
7 info attempt registry request try #1 at 3:28:09 PM
8 verbose request id 83e26b8dace496ee
9 http request PUT https://artifactory.amfam.com/artifactory/api/npm/npm-local/-/user/org.couchdb.user:srouse
10 http 401 https://artifactory.amfam.com/artifactory/api/npm/npm-local/-/user/org.couchdb.user:srouse
11 verbose headers { date: 'Mon, 13 Jan 2020 21:28:09 GMT',
11 verbose headers   server: 'Apache',
11 verbose headers   'x-artifactory-id': 'ca6c5abd4c63d123e339cbba8cffc052faebd3b7',
11 verbose headers   'x-artifactory-node-id': 'parv002',
11 verbose headers   'keep-alive': 'timeout=5, max=100',
11 verbose headers   connection: 'Keep-Alive',
11 verbose headers   'transfer-encoding': 'chunked',
11 verbose headers   'content-type': 'application/json',
11 verbose headers   'set-cookie': [ 'NSC_bsujgbdupsz-qspeoir-wjq-ttm-443=ffffffff095e96a645525d5f4f58455e445a4a42378b;path=/;secure' ] }
12 verbose request invalidating /Users/sxr163/.npm/artifactory.amfam.com/artifactory/api/npm/npm-local/-/user/org.couchdb.user_3Asrouse on PUT
13 verbose adduser back [ { Error: Registry returned 401 for PUT on https://artifactory.amfam.com/artifactory/api/npm/npm-local/-/user/org.couchdb.user:srouse
13 verbose adduser       at makeError (/Users/sxr163/.nvm/versions/node/v6.17.1/lib/node_modules/npm/node_modules/npm-registry-client/lib/request.js:302:12)
13 verbose adduser       at CachingRegistryClient.<anonymous> (/Users/sxr163/.nvm/versions/node/v6.17.1/lib/node_modules/npm/node_modules/npm-registry-client/lib/request.js:280:14)
13 verbose adduser       at Request._callback (/Users/sxr163/.nvm/versions/node/v6.17.1/lib/node_modules/npm/node_modules/npm-registry-client/lib/request.js:210:14)
13 verbose adduser       at Request.self.callback (/Users/sxr163/.nvm/versions/node/v6.17.1/lib/node_modules/npm/node_modules/request/request.js:187:22)
13 verbose adduser       at emitTwo (events.js:106:13)
13 verbose adduser       at Request.emit (events.js:191:7)
13 verbose adduser       at Request.<anonymous> (/Users/sxr163/.nvm/versions/node/v6.17.1/lib/node_modules/npm/node_modules/request/request.js:1048:10)
13 verbose adduser       at emitOne (events.js:96:13)
13 verbose adduser       at Request.emit (events.js:188:7)
13 verbose adduser       at IncomingMessage.<anonymous> (/Users/sxr163/.nvm/versions/node/v6.17.1/lib/node_modules/npm/node_modules/request/request.js:969:12) pkgid: 'artifactory', statusCode: 401, code: 'E401' },
13 verbose adduser   { ok: false, id: 'org.couchdb.user:undefined' },
13 verbose adduser   '{"ok":false,"id":"org.couchdb.user:undefined"}' ]
14 warn adduser Incorrect username or password
14 warn adduser You can reset your account by visiting:
14 warn adduser
14 warn adduser     https://npmjs.org/forgot
15 verbose stack Error: Registry returned 401 for PUT on https://artifactory.amfam.com/artifactory/api/npm/npm-local/-/user/org.couchdb.user:srouse
15 verbose stack     at makeError (/Users/sxr163/.nvm/versions/node/v6.17.1/lib/node_modules/npm/node_modules/npm-registry-client/lib/request.js:302:12)
15 verbose stack     at CachingRegistryClient.<anonymous> (/Users/sxr163/.nvm/versions/node/v6.17.1/lib/node_modules/npm/node_modules/npm-registry-client/lib/request.js:280:14)
15 verbose stack     at Request._callback (/Users/sxr163/.nvm/versions/node/v6.17.1/lib/node_modules/npm/node_modules/npm-registry-client/lib/request.js:210:14)
15 verbose stack     at Request.self.callback (/Users/sxr163/.nvm/versions/node/v6.17.1/lib/node_modules/npm/node_modules/request/request.js:187:22)
15 verbose stack     at emitTwo (events.js:106:13)
15 verbose stack     at Request.emit (events.js:191:7)
15 verbose stack     at Request.<anonymous> (/Users/sxr163/.nvm/versions/node/v6.17.1/lib/node_modules/npm/node_modules/request/request.js:1048:10)
15 verbose stack     at emitOne (events.js:96:13)
15 verbose stack     at Request.emit (events.js:188:7)
15 verbose stack     at IncomingMessage.<anonymous> (/Users/sxr163/.nvm/versions/node/v6.17.1/lib/node_modules/npm/node_modules/request/request.js:969:12)
16 verbose statusCode 401
17 verbose pkgid artifactory
18 verbose cwd /Users/sxr163/Documents/Workspace/cssmodeling-styles
19 error Darwin 18.7.0
20 error argv "/Users/sxr163/.nvm/versions/node/v6.17.1/bin/node" "/Users/sxr163/.nvm/versions/node/v6.17.1/bin/npm" "login"
21 error node v6.17.1
22 error npm  v3.10.10
23 error code E401
24 error Registry returned 401 for PUT on https://artifactory.amfam.com/artifactory/api/npm/npm-local/-/user/org.couchdb.user:srouse
25 error If you need help, you may report this error at:
25 error     <https://github.com/npm/npm/issues>
26 verbose exit [ 1, true ]
